# JRE version: Java(TM) SE Runtime Environment (8.0_211-b12) (build 1.8.0_211-b12)
# Java VM: Java HotSpot(TM) 64-Bit Server VM (25.211-b12 mixed mode windows-amd64 compressed oops)
Heap:
 PSYoungGen      total 144384K, used 856K [0x00000000e0000000, 0x00000000ea680000, 0x0000000100000000)
  eden space 141824K, 0% used [0x00000000e0000000,0x00000000e0000000,0x00000000e8a80000)
  from space 2560K, 33% used [0x00000000ea400000,0x00000000ea4d6310,0x00000000ea680000)
  to   space 14336K, 0% used [0x00000000e8a80000,0x00000000e8a80000,0x00000000e9880000)
 ParOldGen       total 110592K, used 15612K [0x00000000a0000000, 0x00000000a6c00000, 0x00000000e0000000)
  object space 110592K, 14% used [0x00000000a0000000,0x00000000a0f3f3d0,0x00000000a6c00000)
 Metaspace       used 34096K, capacity 35612K, committed 35712K, reserved 1083392K
  class space    used 4825K, capacity 5183K, committed 5248K, reserved 1048576K
GC Heap History (10 events):
Event: 2.710 GC heap before
{Heap before GC invocations=5 (full 1):
 PSYoungGen      total 76288K, used 10382K [0x00000000e0000000, 0x00000000e9500000, 0x0000000100000000)
  eden space 65536K, 0% used [0x00000000e0000000,0x00000000e0000000,0x00000000e4000000)
  from space 10752K, 96% used [0x00000000e4a80000,0x00000000e54a39b0,0x00000000e5500000)
  to   space 10752K, 0% used [0x00000000e4000000,0x00000000e4000000,0x00000000e4a80000)
 ParOldGen       total 175104K, used 296K [0x00000000a0000000, 0x00000000aab00000, 0x00000000e0000000)
  object space 175104K, 0% used [0x00000000a0000000,0x00000000a004a1c0,0x00000000aab00000)
 Metaspace       used 20498K, capacity 21238K, committed 21296K, reserved 1067008K
  class space    used 3007K, capacity 3197K, committed 3200K, reserved 1048576K
Event: 2.741 GC heap after
Heap after GC invocations=5 (full 1):
 PSYoungGen      total 76288K, used 0K [0x00000000e0000000, 0x00000000e9500000, 0x0000000100000000)
  eden space 65536K, 0% used [0x00000000e0000000,0x00000000e0000000,0x00000000e4000000)
  from space 10752K, 0% used [0x00000000e4a80000,0x00000000e4a80000,0x00000000e5500000)
  to   space 10752K, 0% used [0x00000000e4000000,0x00000000e4000000,0x00000000e4a80000)
 ParOldGen       total 110592K, used 10108K [0x00000000a0000000, 0x00000000a6c00000, 0x00000000e0000000)
  object space 110592K, 9% used [0x00000000a0000000,0x00000000a09df1c8,0x00000000a6c00000)
 Metaspace       used 20498K, capacity 21238K, committed 21296K, reserved 1067008K
  class space    used 3007K, capacity 3197K, committed 3200K, reserved 1048576K
}
Event: 3.309 GC heap before
{Heap before GC invocations=6 (full 1):
 PSYoungGen      total 76288K, used 65536K [0x00000000e0000000, 0x00000000e9500000, 0x0000000100000000)
  eden space 65536K, 100% used [0x00000000e0000000,0x00000000e4000000,0x00000000e4000000)
  from space 10752K, 0% used [0x00000000e4a80000,0x00000000e4a80000,0x00000000e5500000)
  to   space 10752K, 0% used [0x00000000e4000000,0x00000000e4000000,0x00000000e4a80000)
 ParOldGen       total 110592K, used 10108K [0x00000000a0000000, 0x00000000a6c00000, 0x00000000e0000000)
  object space 110592K, 9% used [0x00000000a0000000,0x00000000a09df1c8,0x00000000a6c00000)
 Metaspace       used 24907K, capacity 26032K, committed 26240K, reserved 1071104K
  class space    used 3678K, capacity 3964K, committed 3968K, reserved 1048576K
Event: 3.313 GC heap after
Heap after GC invocations=6 (full 1):
 PSYoungGen      total 76288K, used 6057K [0x00000000e0000000, 0x00000000e7700000, 0x0000000100000000)
  eden space 65536K, 0% used [0x00000000e0000000,0x00000000e0000000,0x00000000e4000000)
  from space 10752K, 56% used [0x00000000e4000000,0x00000000e45ea7a0,0x00000000e4a80000)
  to   space 13312K, 0% used [0x00000000e6a00000,0x00000000e6a00000,0x00000000e7700000)
 ParOldGen       total 110592K, used 10116K [0x00000000a0000000, 0x00000000a6c00000, 0x00000000e0000000)
  object space 110592K, 9% used [0x00000000a0000000,0x00000000a09e11c8,0x00000000a6c00000)
 Metaspace       used 24907K, capacity 26032K, committed 26240K, reserved 1071104K
  class space    used 3678K, capacity 3964K, committed 3968K, reserved 1048576K
}
Event: 3.960 GC heap before
{Heap before GC invocations=7 (full 1):
 PSYoungGen      total 76288K, used 71593K [0x00000000e0000000, 0x00000000e7700000, 0x0000000100000000)
  eden space 65536K, 100% used [0x00000000e0000000,0x00000000e4000000,0x00000000e4000000)
  from space 10752K, 56% used [0x00000000e4000000,0x00000000e45ea7a0,0x00000000e4a80000)
  to   space 13312K, 0% used [0x00000000e6a00000,0x00000000e6a00000,0x00000000e7700000)
 ParOldGen       total 110592K, used 10116K [0x00000000a0000000, 0x00000000a6c00000, 0x00000000e0000000)
  object space 110592K, 9% used [0x00000000a0000000,0x00000000a09e11c8,0x00000000a6c00000)
 Metaspace       used 32316K, capacity 33822K, committed 34048K, reserved 1079296K
  class space    used 4697K, capacity 5040K, committed 5120K, reserved 1048576K
Event: 3.966 GC heap after
Heap after GC invocations=7 (full 1):
 PSYoungGen      total 108032K, used 10622K [0x00000000e0000000, 0x00000000e7880000, 0x0000000100000000)
  eden space 94720K, 0% used [0x00000000e0000000,0x00000000e0000000,0x00000000e5c80000)
  from space 13312K, 79% used [0x00000000e6a00000,0x00000000e745fae8,0x00000000e7700000)
  to   space 13824K, 0% used [0x00000000e5c80000,0x00000000e5c80000,0x00000000e6a00000)
 ParOldGen       total 110592K, used 10124K [0x00000000a0000000, 0x00000000a6c00000, 0x00000000e0000000)
  object space 110592K, 9% used [0x00000000a0000000,0x00000000a09e31c8,0x00000000a6c00000)
 Metaspace       used 32316K, capacity 33822K, committed 34048K, reserved 1079296K
  class space    used 4697K, capacity 5040K, committed 5120K, reserved 1048576K
}
Event: 4.108 GC heap before
{Heap before GC invocations=8 (full 1):
 PSYoungGen      total 108032K, used 30139K [0x00000000e0000000, 0x00000000e7880000, 0x0000000100000000)
  eden space 94720K, 20% used [0x00000000e0000000,0x00000000e130f228,0x00000000e5c80000)
  from space 13312K, 79% used [0x00000000e6a00000,0x00000000e745fae8,0x00000000e7700000)
  to   space 13824K, 0% used [0x00000000e5c80000,0x00000000e5c80000,0x00000000e6a00000)
 ParOldGen       total 110592K, used 10124K [0x00000000a0000000, 0x00000000a6c00000, 0x00000000e0000000)
  object space 110592K, 9% used [0x00000000a0000000,0x00000000a09e31c8,0x00000000a6c00000)
 Metaspace       used 33817K, capacity 35334K, committed 35456K, reserved 1079296K
  class space    used 4801K, capacity 5152K, committed 5248K, reserved 1048576K
Event: 4.115 GC heap after
Heap after GC invocations=8 (full 1):
 PSYoungGen      total 108544K, used 7886K [0x00000000e0000000, 0x00000000eb100000, 0x0000000100000000)
  eden space 94720K, 0% used [0x00000000e0000000,0x00000000e0000000,0x00000000e5c80000)
  from space 13824K, 57% used [0x00000000e5c80000,0x00000000e6433938,0x00000000e6a00000)
  to   space 13312K, 0% used [0x00000000ea400000,0x00000000ea400000,0x00000000eb100000)
 ParOldGen       total 110592K, used 10132K [0x00000000a0000000, 0x00000000a6c00000, 0x00000000e0000000)
  object space 110592K, 9% used [0x00000000a0000000,0x00000000a09e51c8,0x00000000a6c00000)
 Metaspace       used 33817K, capacity 35334K, committed 35456K, reserved 1079296K
  class space    used 4801K, capacity 5152K, committed 5248K, reserved 1048576K
}
Event: 4.115 GC heap before
{Heap before GC invocations=9 (full 2):
 PSYoungGen      total 108544K, used 7886K [0x00000000e0000000, 0x00000000eb100000, 0x0000000100000000)
  eden space 94720K, 0% used [0x00000000e0000000,0x00000000e0000000,0x00000000e5c80000)
  from space 13824K, 57% used [0x00000000e5c80000,0x00000000e6433938,0x00000000e6a00000)
  to   space 13312K, 0% used [0x00000000ea400000,0x00000000ea400000,0x00000000eb100000)
 ParOldGen       total 110592K, used 10132K [0x00000000a0000000, 0x00000000a6c00000, 0x00000000e0000000)
  object space 110592K, 9% used [0x00000000a0000000,0x00000000a09e51c8,0x00000000a6c00000)
 Metaspace       used 33817K, capacity 35334K, committed 35456K, reserved 1079296K
  class space    used 4801K, capacity 5152K, committed 5248K, reserved 1048576K
Event: 4.153 GC heap after
Heap after GC invocations=9 (full 2):
 PSYoungGen      total 108544K, used 0K [0x00000000e0000000, 0x00000000eb100000, 0x0000000100000000)
  eden space 94720K, 0% used [0x00000000e0000000,0x00000000e0000000,0x00000000e5c80000)
  from space 13824K, 0% used [0x00000000e5c80000,0x00000000e5c80000,0x00000000e6a00000)
  to   space 13312K, 0% used [0x00000000ea400000,0x00000000ea400000,0x00000000eb100000)
 ParOldGen       total 110592K, used 15612K [0x00000000a0000000, 0x00000000a6c00000, 0x00000000e0000000)
  object space 110592K, 14% used [0x00000000a0000000,0x00000000a0f3f3d0,0x00000000a6c00000)
 Metaspace       used 33813K, capacity 35322K, committed 35456K, reserved 1079296K
  class space    used 4799K, capacity 5150K, committed 5248K, reserved 1048576K
}

