# JRE version: OpenJDK Runtime Environment Temurin-17.0.4.1+1 (17.0.4.1+1) (build 17.0.4.1+1)
# Java VM: OpenJDK 64-Bit Server VM Temurin-17.0.4.1+1 (17.0.4.1+1, mixed mode, tiered, compressed oops, compressed class ptrs, parallel gc, windows-amd64)
GC Precious Log:
 CPUs: 8 total, 8 available
 Memory: 16296M
 Large Page Support: Disabled
 NUMA Support: Disabled
 Compressed Oops: Enabled (32-bit)
 Alignments: Space 512K, Generation 512K, Heap 2M
 Heap Min Capacity: 100M
 Heap Initial Capacity: 100M
 Heap Max Capacity: 1G
 Pre-touch: Disabled
 Parallel Workers: 8
Heap:
 PSYoungGen      total 19968K, used 8816K [0x00000000eab00000, 0x00000000ec680000, 0x0000000100000000)
  eden space 19456K, 44% used [0x00000000eab00000,0x00000000eb364028,0x00000000ebe00000)
  from space 512K, 43% used [0x00000000ec580000,0x00000000ec5b8000,0x00000000ec600000)
  to   space 512K, 0% used [0x00000000ec600000,0x00000000ec600000,0x00000000ec680000)
 ParOldGen       total 68608K, used 43042K [0x00000000c0000000, 0x00000000c4300000, 0x00000000eab00000)
  object space 68608K, 62% used [0x00000000c0000000,0x00000000c2a08ae8,0x00000000c4300000)
 Metaspace       used 64163K, committed 65152K, reserved 1114112K
  class space    used 7707K, committed 8128K, reserved 1048576K
GC Heap History (20 events):
Event: 12087.202 GC heap before
{Heap before GC invocations=59 (full 3):
 PSYoungGen      total 19968K, used 19584K [0x00000000eab00000, 0x00000000ec680000, 0x0000000100000000)
  eden space 19456K, 100% used [0x00000000eab00000,0x00000000ebe00000,0x00000000ebe00000)
  from space 512K, 25% used [0x00000000ec580000,0x00000000ec5a0000,0x00000000ec600000)
  to   space 512K, 0% used [0x00000000ec600000,0x00000000ec600000,0x00000000ec680000)
 ParOldGen       total 68608K, used 43026K [0x00000000c0000000, 0x00000000c4300000, 0x00000000eab00000)
  object space 68608K, 62% used [0x00000000c0000000,0x00000000c2a04ae8,0x00000000c4300000)
 Metaspace       used 64054K, committed 65024K, reserved 1114112K
  class space    used 7705K, committed 8128K, reserved 1048576K
}
Event: 12087.202 GC heap after
{Heap after GC invocations=59 (full 3):
 PSYoungGen      total 19968K, used 96K [0x00000000eab00000, 0x00000000ec680000, 0x0000000100000000)
  eden space 19456K, 0% used [0x00000000eab00000,0x00000000eab00000,0x00000000ebe00000)
  from space 512K, 18% used [0x00000000ec600000,0x00000000ec618000,0x00000000ec680000)
  to   space 512K, 0% used [0x00000000ec580000,0x00000000ec580000,0x00000000ec600000)
 ParOldGen       total 68608K, used 43026K [0x00000000c0000000, 0x00000000c4300000, 0x00000000eab00000)
  object space 68608K, 62% used [0x00000000c0000000,0x00000000c2a04ae8,0x00000000c4300000)
 Metaspace       used 64054K, committed 65024K, reserved 1114112K
  class space    used 7705K, committed 8128K, reserved 1048576K
}
Event: 12087.268 GC heap before
{Heap before GC invocations=60 (full 3):
 PSYoungGen      total 19968K, used 19552K [0x00000000eab00000, 0x00000000ec680000, 0x0000000100000000)
  eden space 19456K, 100% used [0x00000000eab00000,0x00000000ebe00000,0x00000000ebe00000)
  from space 512K, 18% used [0x00000000ec600000,0x00000000ec618000,0x00000000ec680000)
  to   space 512K, 0% used [0x00000000ec580000,0x00000000ec580000,0x00000000ec600000)
 ParOldGen       total 68608K, used 43026K [0x00000000c0000000, 0x00000000c4300000, 0x00000000eab00000)
  object space 68608K, 62% used [0x00000000c0000000,0x00000000c2a04ae8,0x00000000c4300000)
 Metaspace       used 64054K, committed 65024K, reserved 1114112K
  class space    used 7705K, committed 8128K, reserved 1048576K
}
Event: 12087.268 GC heap after
{Heap after GC invocations=60 (full 3):
 PSYoungGen      total 19968K, used 160K [0x00000000eab00000, 0x00000000ec680000, 0x0000000100000000)
  eden space 19456K, 0% used [0x00000000eab00000,0x00000000eab00000,0x00000000ebe00000)
  from space 512K, 31% used [0x00000000ec580000,0x00000000ec5a8000,0x00000000ec600000)
  to   space 512K, 0% used [0x00000000ec600000,0x00000000ec600000,0x00000000ec680000)
 ParOldGen       total 68608K, used 43026K [0x00000000c0000000, 0x00000000c4300000, 0x00000000eab00000)
  object space 68608K, 62% used [0x00000000c0000000,0x00000000c2a04ae8,0x00000000c4300000)
 Metaspace       used 64054K, committed 65024K, reserved 1114112K
  class space    used 7705K, committed 8128K, reserved 1048576K
}
Event: 12087.334 GC heap before
{Heap before GC invocations=61 (full 3):
 PSYoungGen      total 19968K, used 19616K [0x00000000eab00000, 0x00000000ec680000, 0x0000000100000000)
  eden space 19456K, 100% used [0x00000000eab00000,0x00000000ebe00000,0x00000000ebe00000)
  from space 512K, 31% used [0x00000000ec580000,0x00000000ec5a8000,0x00000000ec600000)
  to   space 512K, 0% used [0x00000000ec600000,0x00000000ec600000,0x00000000ec680000)
 ParOldGen       total 68608K, used 43026K [0x00000000c0000000, 0x00000000c4300000, 0x00000000eab00000)
  object space 68608K, 62% used [0x00000000c0000000,0x00000000c2a04ae8,0x00000000c4300000)
 Metaspace       used 64054K, committed 65024K, reserved 1114112K
  class space    used 7705K, committed 8128K, reserved 1048576K
}
Event: 12087.335 GC heap after
{Heap after GC invocations=61 (full 3):
 PSYoungGen      total 19968K, used 128K [0x00000000eab00000, 0x00000000ec680000, 0x0000000100000000)
  eden space 19456K, 0% used [0x00000000eab00000,0x00000000eab00000,0x00000000ebe00000)
  from space 512K, 25% used [0x00000000ec600000,0x00000000ec620000,0x00000000ec680000)
  to   space 512K, 0% used [0x00000000ec580000,0x00000000ec580000,0x00000000ec600000)
 ParOldGen       total 68608K, used 43034K [0x00000000c0000000, 0x00000000c4300000, 0x00000000eab00000)
  object space 68608K, 62% used [0x00000000c0000000,0x00000000c2a06ae8,0x00000000c4300000)
 Metaspace       used 64054K, committed 65024K, reserved 1114112K
  class space    used 7705K, committed 8128K, reserved 1048576K
}
Event: 12087.426 GC heap before
{Heap before GC invocations=62 (full 3):
 PSYoungGen      total 19968K, used 19584K [0x00000000eab00000, 0x00000000ec680000, 0x0000000100000000)
  eden space 19456K, 100% used [0x00000000eab00000,0x00000000ebe00000,0x00000000ebe00000)
  from space 512K, 25% used [0x00000000ec600000,0x00000000ec620000,0x00000000ec680000)
  to   space 512K, 0% used [0x00000000ec580000,0x00000000ec580000,0x00000000ec600000)
 ParOldGen       total 68608K, used 43034K [0x00000000c0000000, 0x00000000c4300000, 0x00000000eab00000)
  object space 68608K, 62% used [0x00000000c0000000,0x00000000c2a06ae8,0x00000000c4300000)
 Metaspace       used 64054K, committed 65024K, reserved 1114112K
  class space    used 7705K, committed 8128K, reserved 1048576K
}
Event: 12087.426 GC heap after
{Heap after GC invocations=62 (full 3):
 PSYoungGen      total 19968K, used 96K [0x00000000eab00000, 0x00000000ec680000, 0x0000000100000000)
  eden space 19456K, 0% used [0x00000000eab00000,0x00000000eab00000,0x00000000ebe00000)
  from space 512K, 18% used [0x00000000ec580000,0x00000000ec598000,0x00000000ec600000)
  to   space 512K, 0% used [0x00000000ec600000,0x00000000ec600000,0x00000000ec680000)
 ParOldGen       total 68608K, used 43034K [0x00000000c0000000, 0x00000000c4300000, 0x00000000eab00000)
  object space 68608K, 62% used [0x00000000c0000000,0x00000000c2a06ae8,0x00000000c4300000)
 Metaspace       used 64054K, committed 65024K, reserved 1114112K
  class space    used 7705K, committed 8128K, reserved 1048576K
}
Event: 12087.520 GC heap before
{Heap before GC invocations=63 (full 3):
 PSYoungGen      total 19968K, used 19552K [0x00000000eab00000, 0x00000000ec680000, 0x0000000100000000)
  eden space 19456K, 100% used [0x00000000eab00000,0x00000000ebe00000,0x00000000ebe00000)
  from space 512K, 18% used [0x00000000ec580000,0x00000000ec598000,0x00000000ec600000)
  to   space 512K, 0% used [0x00000000ec600000,0x00000000ec600000,0x00000000ec680000)
 ParOldGen       total 68608K, used 43034K [0x00000000c0000000, 0x00000000c4300000, 0x00000000eab00000)
  object space 68608K, 62% used [0x00000000c0000000,0x00000000c2a06ae8,0x00000000c4300000)
 Metaspace       used 64054K, committed 65024K, reserved 1114112K
  class space    used 7705K, committed 8128K, reserved 1048576K
}
Event: 12087.521 GC heap after
{Heap after GC invocations=63 (full 3):
 PSYoungGen      total 19968K, used 160K [0x00000000eab00000, 0x00000000ec680000, 0x0000000100000000)
  eden space 19456K, 0% used [0x00000000eab00000,0x00000000eab00000,0x00000000ebe00000)
  from space 512K, 31% used [0x00000000ec600000,0x00000000ec628000,0x00000000ec680000)
  to   space 512K, 0% used [0x00000000ec580000,0x00000000ec580000,0x00000000ec600000)
 ParOldGen       total 68608K, used 43034K [0x00000000c0000000, 0x00000000c4300000, 0x00000000eab00000)
  object space 68608K, 62% used [0x00000000c0000000,0x00000000c2a06ae8,0x00000000c4300000)
 Metaspace       used 64054K, committed 65024K, reserved 1114112K
  class space    used 7705K, committed 8128K, reserved 1048576K
}
Event: 12087.609 GC heap before
{Heap before GC invocations=64 (full 3):
 PSYoungGen      total 19968K, used 19616K [0x00000000eab00000, 0x00000000ec680000, 0x0000000100000000)
  eden space 19456K, 100% used [0x00000000eab00000,0x00000000ebe00000,0x00000000ebe00000)
  from space 512K, 31% used [0x00000000ec600000,0x00000000ec628000,0x00000000ec680000)
  to   space 512K, 0% used [0x00000000ec580000,0x00000000ec580000,0x00000000ec600000)
 ParOldGen       total 68608K, used 43034K [0x00000000c0000000, 0x00000000c4300000, 0x00000000eab00000)
  object space 68608K, 62% used [0x00000000c0000000,0x00000000c2a06ae8,0x00000000c4300000)
 Metaspace       used 64054K, committed 65024K, reserved 1114112K
  class space    used 7705K, committed 8128K, reserved 1048576K
}
Event: 12087.609 GC heap after
{Heap after GC invocations=64 (full 3):
 PSYoungGen      total 19968K, used 128K [0x00000000eab00000, 0x00000000ec680000, 0x0000000100000000)
  eden space 19456K, 0% used [0x00000000eab00000,0x00000000eab00000,0x00000000ebe00000)
  from space 512K, 25% used [0x00000000ec580000,0x00000000ec5a0000,0x00000000ec600000)
  to   space 512K, 0% used [0x00000000ec600000,0x00000000ec600000,0x00000000ec680000)
 ParOldGen       total 68608K, used 43034K [0x00000000c0000000, 0x00000000c4300000, 0x00000000eab00000)
  object space 68608K, 62% used [0x00000000c0000000,0x00000000c2a06ae8,0x00000000c4300000)
 Metaspace       used 64054K, committed 65024K, reserved 1114112K
  class space    used 7705K, committed 8128K, reserved 1048576K
}
Event: 12087.697 GC heap before
{Heap before GC invocations=65 (full 3):
 PSYoungGen      total 19968K, used 19584K [0x00000000eab00000, 0x00000000ec680000, 0x0000000100000000)
  eden space 19456K, 100% used [0x00000000eab00000,0x00000000ebe00000,0x00000000ebe00000)
  from space 512K, 25% used [0x00000000ec580000,0x00000000ec5a0000,0x00000000ec600000)
  to   space 512K, 0% used [0x00000000ec600000,0x00000000ec600000,0x00000000ec680000)
 ParOldGen       total 68608K, used 43034K [0x00000000c0000000, 0x00000000c4300000, 0x00000000eab00000)
  object space 68608K, 62% used [0x00000000c0000000,0x00000000c2a06ae8,0x00000000c4300000)
 Metaspace       used 64054K, committed 65024K, reserved 1114112K
  class space    used 7705K, committed 8128K, reserved 1048576K
}
Event: 12087.700 GC heap after
{Heap after GC invocations=65 (full 3):
 PSYoungGen      total 19968K, used 96K [0x00000000eab00000, 0x00000000ec680000, 0x0000000100000000)
  eden space 19456K, 0% used [0x00000000eab00000,0x00000000eab00000,0x00000000ebe00000)
  from space 512K, 18% used [0x00000000ec600000,0x00000000ec618000,0x00000000ec680000)
  to   space 512K, 0% used [0x00000000ec580000,0x00000000ec580000,0x00000000ec600000)
 ParOldGen       total 68608K, used 43034K [0x00000000c0000000, 0x00000000c4300000, 0x00000000eab00000)
  object space 68608K, 62% used [0x00000000c0000000,0x00000000c2a06ae8,0x00000000c4300000)
 Metaspace       used 64054K, committed 65024K, reserved 1114112K
  class space    used 7705K, committed 8128K, reserved 1048576K
}
Event: 12087.768 GC heap before
{Heap before GC invocations=66 (full 3):
 PSYoungGen      total 19968K, used 19552K [0x00000000eab00000, 0x00000000ec680000, 0x0000000100000000)
  eden space 19456K, 100% used [0x00000000eab00000,0x00000000ebe00000,0x00000000ebe00000)
  from space 512K, 18% used [0x00000000ec600000,0x00000000ec618000,0x00000000ec680000)
  to   space 512K, 0% used [0x00000000ec580000,0x00000000ec580000,0x00000000ec600000)
 ParOldGen       total 68608K, used 43034K [0x00000000c0000000, 0x00000000c4300000, 0x00000000eab00000)
  object space 68608K, 62% used [0x00000000c0000000,0x00000000c2a06ae8,0x00000000c4300000)
 Metaspace       used 64054K, committed 65024K, reserved 1114112K
  class space    used 7705K, committed 8128K, reserved 1048576K
}
Event: 12087.768 GC heap after
{Heap after GC invocations=66 (full 3):
 PSYoungGen      total 19968K, used 160K [0x00000000eab00000, 0x00000000ec680000, 0x0000000100000000)
  eden space 19456K, 0% used [0x00000000eab00000,0x00000000eab00000,0x00000000ebe00000)
  from space 512K, 31% used [0x00000000ec580000,0x00000000ec5a8000,0x00000000ec600000)
  to   space 512K, 0% used [0x00000000ec600000,0x00000000ec600000,0x00000000ec680000)
 ParOldGen       total 68608K, used 43034K [0x00000000c0000000, 0x00000000c4300000, 0x00000000eab00000)
  object space 68608K, 62% used [0x00000000c0000000,0x00000000c2a06ae8,0x00000000c4300000)
 Metaspace       used 64054K, committed 65024K, reserved 1114112K
  class space    used 7705K, committed 8128K, reserved 1048576K
}
Event: 12087.808 GC heap before
{Heap before GC invocations=67 (full 3):
 PSYoungGen      total 19968K, used 19616K [0x00000000eab00000, 0x00000000ec680000, 0x0000000100000000)
  eden space 19456K, 100% used [0x00000000eab00000,0x00000000ebe00000,0x00000000ebe00000)
  from space 512K, 31% used [0x00000000ec580000,0x00000000ec5a8000,0x00000000ec600000)
  to   space 512K, 0% used [0x00000000ec600000,0x00000000ec600000,0x00000000ec680000)
 ParOldGen       total 68608K, used 43034K [0x00000000c0000000, 0x00000000c4300000, 0x00000000eab00000)
  object space 68608K, 62% used [0x00000000c0000000,0x00000000c2a06ae8,0x00000000c4300000)
 Metaspace       used 64054K, committed 65024K, reserved 1114112K
  class space    used 7705K, committed 8128K, reserved 1048576K
}
Event: 12087.809 GC heap after
{Heap after GC invocations=67 (full 3):
 PSYoungGen      total 19968K, used 96K [0x00000000eab00000, 0x00000000ec680000, 0x0000000100000000)
  eden space 19456K, 0% used [0x00000000eab00000,0x00000000eab00000,0x00000000ebe00000)
  from space 512K, 18% used [0x00000000ec600000,0x00000000ec618000,0x00000000ec680000)
  to   space 512K, 0% used [0x00000000ec580000,0x00000000ec580000,0x00000000ec600000)
 ParOldGen       total 68608K, used 43042K [0x00000000c0000000, 0x00000000c4300000, 0x00000000eab00000)
  object space 68608K, 62% used [0x00000000c0000000,0x00000000c2a08ae8,0x00000000c4300000)
 Metaspace       used 64054K, committed 65024K, reserved 1114112K
  class space    used 7705K, committed 8128K, reserved 1048576K
}
Event: 12087.860 GC heap before
{Heap before GC invocations=68 (full 3):
 PSYoungGen      total 19968K, used 19552K [0x00000000eab00000, 0x00000000ec680000, 0x0000000100000000)
  eden space 19456K, 100% used [0x00000000eab00000,0x00000000ebe00000,0x00000000ebe00000)
  from space 512K, 18% used [0x00000000ec600000,0x00000000ec618000,0x00000000ec680000)
  to   space 512K, 0% used [0x00000000ec580000,0x00000000ec580000,0x00000000ec600000)
 ParOldGen       total 68608K, used 43042K [0x00000000c0000000, 0x00000000c4300000, 0x00000000eab00000)
  object space 68608K, 62% used [0x00000000c0000000,0x00000000c2a08ae8,0x00000000c4300000)
 Metaspace       used 64061K, committed 65024K, reserved 1114112K
  class space    used 7705K, committed 8128K, reserved 1048576K
}
Event: 12087.861 GC heap after
{Heap after GC invocations=68 (full 3):
 PSYoungGen      total 19968K, used 224K [0x00000000eab00000, 0x00000000ec680000, 0x0000000100000000)
  eden space 19456K, 0% used [0x00000000eab00000,0x00000000eab00000,0x00000000ebe00000)
  from space 512K, 43% used [0x00000000ec580000,0x00000000ec5b8000,0x00000000ec600000)
  to   space 512K, 0% used [0x00000000ec600000,0x00000000ec600000,0x00000000ec680000)
 ParOldGen       total 68608K, used 43042K [0x00000000c0000000, 0x00000000c4300000, 0x00000000eab00000)
  object space 68608K, 62% used [0x00000000c0000000,0x00000000c2a08ae8,0x00000000c4300000)
 Metaspace       used 64061K, committed 65024K, reserved 1114112K
  class space    used 7705K, committed 8128K, reserved 1048576K
}

