# JRE version: OpenJDK Runtime Environment Temurin-17.0.3+7 (17.0.3+7) (build 17.0.3+7)
# Java VM: OpenJDK 64-Bit Server VM Temurin-17.0.3+7 (17.0.3+7, mixed mode, tiered, compressed oops, compressed class ptrs, parallel gc, windows-amd64)
GC Precious Log:
 CPUs: 8 total, 8 available
 Memory: 16296M
 Large Page Support: Disabled
 NUMA Support: Disabled
 Compressed Oops: Enabled (32-bit)
 Alignments: Space 512K, Generation 512K, Heap 2M
 Heap Min Capacity: 100M
 Heap Initial Capacity: 100M
 Heap Max Capacity: 1G
 Pre-touch: Disabled
 Parallel Workers: 8
Heap:
 PSYoungGen      total 24064K, used 19253K [0x00000000eab00000, 0x00000000ec600000, 0x0000000100000000)
  eden space 21504K, 77% used [0x00000000eab00000,0x00000000ebb4f348,0x00000000ec000000)
  from space 2560K, 99% used [0x00000000ec380000,0x00000000ec5fe388,0x00000000ec600000)
  to   space 1024K, 0% used [0x00000000ec080000,0x00000000ec080000,0x00000000ec180000)
 ParOldGen       total 68608K, used 30588K [0x00000000c0000000, 0x00000000c4300000, 0x00000000eab00000)
  object space 68608K, 44% used [0x00000000c0000000,0x00000000c1ddf1d0,0x00000000c4300000)
 Metaspace       used 51476K, committed 52288K, reserved 1097728K
  class space    used 5962K, committed 6272K, reserved 1048576K
GC Heap History (20 events):
Event: 2.715 GC heap before
{Heap before GC invocations=11 (full 2):
 PSYoungGen      total 25600K, used 1912K [0x00000000eab00000, 0x00000000ec800000, 0x0000000100000000)
  eden space 23552K, 0% used [0x00000000eab00000,0x00000000eab00000,0x00000000ec200000)
  from space 2048K, 93% used [0x00000000ec200000,0x00000000ec3de230,0x00000000ec400000)
  to   space 3072K, 0% used [0x00000000ec500000,0x00000000ec500000,0x00000000ec800000)
 ParOldGen       total 68608K, used 10626K [0x00000000c0000000, 0x00000000c4300000, 0x00000000eab00000)
  object space 68608K, 15% used [0x00000000c0000000,0x00000000c0a60878,0x00000000c4300000)
 Metaspace       used 35190K, committed 35840K, reserved 1081344K
  class space    used 3602K, committed 3904K, reserved 1048576K
}
Event: 2.734 GC heap after
{Heap after GC invocations=11 (full 2):
 PSYoungGen      total 25600K, used 0K [0x00000000eab00000, 0x00000000ec800000, 0x0000000100000000)
  eden space 23552K, 0% used [0x00000000eab00000,0x00000000eab00000,0x00000000ec200000)
  from space 2048K, 0% used [0x00000000ec200000,0x00000000ec200000,0x00000000ec400000)
  to   space 3072K, 0% used [0x00000000ec500000,0x00000000ec500000,0x00000000ec800000)
 ParOldGen       total 68608K, used 12185K [0x00000000c0000000, 0x00000000c4300000, 0x00000000eab00000)
  object space 68608K, 17% used [0x00000000c0000000,0x00000000c0be6708,0x00000000c4300000)
 Metaspace       used 35190K, committed 35840K, reserved 1081344K
  class space    used 3602K, committed 3904K, reserved 1048576K
}
Event: 2.892 GC heap before
{Heap before GC invocations=12 (full 2):
 PSYoungGen      total 25600K, used 23552K [0x00000000eab00000, 0x00000000ec800000, 0x0000000100000000)
  eden space 23552K, 100% used [0x00000000eab00000,0x00000000ec200000,0x00000000ec200000)
  from space 2048K, 0% used [0x00000000ec200000,0x00000000ec200000,0x00000000ec400000)
  to   space 3072K, 0% used [0x00000000ec500000,0x00000000ec500000,0x00000000ec800000)
 ParOldGen       total 68608K, used 12185K [0x00000000c0000000, 0x00000000c4300000, 0x00000000eab00000)
  object space 68608K, 17% used [0x00000000c0000000,0x00000000c0be6708,0x00000000c4300000)
 Metaspace       used 38161K, committed 38848K, reserved 1089536K
  class space    used 4036K, committed 4352K, reserved 1048576K
}
Event: 2.894 GC heap after
{Heap after GC invocations=12 (full 2):
 PSYoungGen      total 25088K, used 1804K [0x00000000eab00000, 0x00000000ec700000, 0x0000000100000000)
  eden space 23040K, 0% used [0x00000000eab00000,0x00000000eab00000,0x00000000ec180000)
  from space 2048K, 88% used [0x00000000ec500000,0x00000000ec6c3088,0x00000000ec700000)
  to   space 2048K, 0% used [0x00000000ec300000,0x00000000ec300000,0x00000000ec500000)
 ParOldGen       total 68608K, used 12193K [0x00000000c0000000, 0x00000000c4300000, 0x00000000eab00000)
  object space 68608K, 17% used [0x00000000c0000000,0x00000000c0be8708,0x00000000c4300000)
 Metaspace       used 38161K, committed 38848K, reserved 1089536K
  class space    used 4036K, committed 4352K, reserved 1048576K
}
Event: 3.047 GC heap before
{Heap before GC invocations=13 (full 2):
 PSYoungGen      total 25088K, used 23001K [0x00000000eab00000, 0x00000000ec700000, 0x0000000100000000)
  eden space 23040K, 92% used [0x00000000eab00000,0x00000000ebfb3440,0x00000000ec180000)
  from space 2048K, 88% used [0x00000000ec500000,0x00000000ec6c3088,0x00000000ec700000)
  to   space 2048K, 0% used [0x00000000ec300000,0x00000000ec300000,0x00000000ec500000)
 ParOldGen       total 68608K, used 12193K [0x00000000c0000000, 0x00000000c4300000, 0x00000000eab00000)
  object space 68608K, 17% used [0x00000000c0000000,0x00000000c0be8708,0x00000000c4300000)
 Metaspace       used 39950K, committed 40704K, reserved 1089536K
  class space    used 4259K, committed 4544K, reserved 1048576K
}
Event: 3.049 GC heap after
{Heap after GC invocations=13 (full 2):
 PSYoungGen      total 23552K, used 912K [0x00000000eab00000, 0x00000000ec580000, 0x0000000100000000)
  eden space 22528K, 0% used [0x00000000eab00000,0x00000000eab00000,0x00000000ec100000)
  from space 1024K, 89% used [0x00000000ec300000,0x00000000ec3e4010,0x00000000ec400000)
  to   space 1536K, 0% used [0x00000000ec400000,0x00000000ec400000,0x00000000ec580000)
 ParOldGen       total 68608K, used 13846K [0x00000000c0000000, 0x00000000c4300000, 0x00000000eab00000)
  object space 68608K, 20% used [0x00000000c0000000,0x00000000c0d85960,0x00000000c4300000)
 Metaspace       used 39950K, committed 40704K, reserved 1089536K
  class space    used 4259K, committed 4544K, reserved 1048576K
}
Event: 3.136 GC heap before
{Heap before GC invocations=14 (full 2):
 PSYoungGen      total 23552K, used 23440K [0x00000000eab00000, 0x00000000ec580000, 0x0000000100000000)
  eden space 22528K, 100% used [0x00000000eab00000,0x00000000ec100000,0x00000000ec100000)
  from space 1024K, 89% used [0x00000000ec300000,0x00000000ec3e4010,0x00000000ec400000)
  to   space 1536K, 0% used [0x00000000ec400000,0x00000000ec400000,0x00000000ec580000)
 ParOldGen       total 68608K, used 13846K [0x00000000c0000000, 0x00000000c4300000, 0x00000000eab00000)
  object space 68608K, 20% used [0x00000000c0000000,0x00000000c0d85b40,0x00000000c4300000)
 Metaspace       used 40609K, committed 41344K, reserved 1089536K
  class space    used 4334K, committed 4608K, reserved 1048576K
}
Event: 3.137 GC heap after
{Heap after GC invocations=14 (full 2):
 PSYoungGen      total 23040K, used 1520K [0x00000000eab00000, 0x00000000ec900000, 0x0000000100000000)
  eden space 21504K, 0% used [0x00000000eab00000,0x00000000eab00000,0x00000000ec000000)
  from space 1536K, 99% used [0x00000000ec400000,0x00000000ec57c300,0x00000000ec580000)
  to   space 4096K, 0% used [0x00000000ec000000,0x00000000ec000000,0x00000000ec400000)
 ParOldGen       total 68608K, used 15806K [0x00000000c0000000, 0x00000000c4300000, 0x00000000eab00000)
  object space 68608K, 23% used [0x00000000c0000000,0x00000000c0f6fb70,0x00000000c4300000)
 Metaspace       used 40609K, committed 41344K, reserved 1089536K
  class space    used 4334K, committed 4608K, reserved 1048576K
}
Event: 3.323 GC heap before
{Heap before GC invocations=15 (full 2):
 PSYoungGen      total 23040K, used 23024K [0x00000000eab00000, 0x00000000ec900000, 0x0000000100000000)
  eden space 21504K, 100% used [0x00000000eab00000,0x00000000ec000000,0x00000000ec000000)
  from space 1536K, 99% used [0x00000000ec400000,0x00000000ec57c300,0x00000000ec580000)
  to   space 4096K, 0% used [0x00000000ec000000,0x00000000ec000000,0x00000000ec400000)
 ParOldGen       total 68608K, used 15811K [0x00000000c0000000, 0x00000000c4300000, 0x00000000eab00000)
  object space 68608K, 23% used [0x00000000c0000000,0x00000000c0f70f78,0x00000000c4300000)
 Metaspace       used 42587K, committed 43264K, reserved 1089536K
  class space    used 4583K, committed 4864K, reserved 1048576K
}
Event: 3.325 GC heap after
{Heap after GC invocations=15 (full 2):
 PSYoungGen      total 24576K, used 2624K [0x00000000eab00000, 0x00000000ec600000, 0x0000000100000000)
  eden space 21504K, 0% used [0x00000000eab00000,0x00000000eab00000,0x00000000ec000000)
  from space 3072K, 85% used [0x00000000ec000000,0x00000000ec290000,0x00000000ec300000)
  to   space 3072K, 0% used [0x00000000ec300000,0x00000000ec300000,0x00000000ec600000)
 ParOldGen       total 68608K, used 16642K [0x00000000c0000000, 0x00000000c4300000, 0x00000000eab00000)
  object space 68608K, 24% used [0x00000000c0000000,0x00000000c1040a30,0x00000000c4300000)
 Metaspace       used 42587K, committed 43264K, reserved 1089536K
  class space    used 4583K, committed 4864K, reserved 1048576K
}
Event: 3.575 GC heap before
{Heap before GC invocations=16 (full 2):
 PSYoungGen      total 24576K, used 24128K [0x00000000eab00000, 0x00000000ec600000, 0x0000000100000000)
  eden space 21504K, 100% used [0x00000000eab00000,0x00000000ec000000,0x00000000ec000000)
  from space 3072K, 85% used [0x00000000ec000000,0x00000000ec290000,0x00000000ec300000)
  to   space 3072K, 0% used [0x00000000ec300000,0x00000000ec300000,0x00000000ec600000)
 ParOldGen       total 68608K, used 16642K [0x00000000c0000000, 0x00000000c4300000, 0x00000000eab00000)
  object space 68608K, 24% used [0x00000000c0000000,0x00000000c1040a30,0x00000000c4300000)
 Metaspace       used 45014K, committed 45760K, reserved 1089536K
  class space    used 4895K, committed 5248K, reserved 1048576K
}
Event: 3.577 GC heap after
{Heap after GC invocations=16 (full 2):
 PSYoungGen      total 23040K, used 1184K [0x00000000eab00000, 0x00000000ec480000, 0x0000000100000000)
  eden space 21504K, 0% used [0x00000000eab00000,0x00000000eab00000,0x00000000ec000000)
  from space 1536K, 77% used [0x00000000ec300000,0x00000000ec428000,0x00000000ec480000)
  to   space 2048K, 0% used [0x00000000ec080000,0x00000000ec080000,0x00000000ec280000)
 ParOldGen       total 68608K, used 19177K [0x00000000c0000000, 0x00000000c4300000, 0x00000000eab00000)
  object space 68608K, 27% used [0x00000000c0000000,0x00000000c12ba5b0,0x00000000c4300000)
 Metaspace       used 45014K, committed 45760K, reserved 1089536K
  class space    used 4895K, committed 5248K, reserved 1048576K
}
Event: 3.762 GC heap before
{Heap before GC invocations=17 (full 2):
 PSYoungGen      total 23040K, used 20612K [0x00000000eab00000, 0x00000000ec480000, 0x0000000100000000)
  eden space 21504K, 90% used [0x00000000eab00000,0x00000000ebdf9328,0x00000000ec000000)
  from space 1536K, 77% used [0x00000000ec300000,0x00000000ec428000,0x00000000ec480000)
  to   space 2048K, 0% used [0x00000000ec080000,0x00000000ec080000,0x00000000ec280000)
 ParOldGen       total 68608K, used 19177K [0x00000000c0000000, 0x00000000c4300000, 0x00000000eab00000)
  object space 68608K, 27% used [0x00000000c0000000,0x00000000c12ba5b0,0x00000000c4300000)
 Metaspace       used 46858K, committed 47680K, reserved 1097728K
  class space    used 5153K, committed 5504K, reserved 1048576K
}
Event: 3.765 GC heap after
{Heap after GC invocations=17 (full 2):
 PSYoungGen      total 23552K, used 2025K [0x00000000eab00000, 0x00000000ecb00000, 0x0000000100000000)
  eden space 21504K, 0% used [0x00000000eab00000,0x00000000eab00000,0x00000000ec000000)
  from space 2048K, 98% used [0x00000000ec080000,0x00000000ec27a590,0x00000000ec280000)
  to   space 5632K, 0% used [0x00000000ec580000,0x00000000ec580000,0x00000000ecb00000)
 ParOldGen       total 68608K, used 21758K [0x00000000c0000000, 0x00000000c4300000, 0x00000000eab00000)
  object space 68608K, 31% used [0x00000000c0000000,0x00000000c153f880,0x00000000c4300000)
 Metaspace       used 46858K, committed 47680K, reserved 1097728K
  class space    used 5153K, committed 5504K, reserved 1048576K
}
Event: 3.987 GC heap before
{Heap before GC invocations=18 (full 2):
 PSYoungGen      total 23552K, used 23529K [0x00000000eab00000, 0x00000000ecb00000, 0x0000000100000000)
  eden space 21504K, 100% used [0x00000000eab00000,0x00000000ec000000,0x00000000ec000000)
  from space 2048K, 98% used [0x00000000ec080000,0x00000000ec27a590,0x00000000ec280000)
  to   space 5632K, 0% used [0x00000000ec580000,0x00000000ec580000,0x00000000ecb00000)
 ParOldGen       total 68608K, used 21758K [0x00000000c0000000, 0x00000000c4300000, 0x00000000eab00000)
  object space 68608K, 31% used [0x00000000c0000000,0x00000000c153f880,0x00000000c4300000)
 Metaspace       used 48342K, committed 49152K, reserved 1097728K
  class space    used 5417K, committed 5760K, reserved 1048576K
}
Event: 3.989 GC heap after
{Heap after GC invocations=18 (full 2):
 PSYoungGen      total 26624K, used 4725K [0x00000000eab00000, 0x00000000eca80000, 0x0000000100000000)
  eden space 21504K, 0% used [0x00000000eab00000,0x00000000eab00000,0x00000000ec000000)
  from space 5120K, 92% used [0x00000000ec580000,0x00000000eca1d748,0x00000000eca80000)
  to   space 5120K, 0% used [0x00000000ec080000,0x00000000ec080000,0x00000000ec580000)
 ParOldGen       total 68608K, used 23791K [0x00000000c0000000, 0x00000000c4300000, 0x00000000eab00000)
  object space 68608K, 34% used [0x00000000c0000000,0x00000000c173bf78,0x00000000c4300000)
 Metaspace       used 48342K, committed 49152K, reserved 1097728K
  class space    used 5417K, committed 5760K, reserved 1048576K
}
Event: 4.244 GC heap before
{Heap before GC invocations=19 (full 2):
 PSYoungGen      total 26624K, used 26229K [0x00000000eab00000, 0x00000000eca80000, 0x0000000100000000)
  eden space 21504K, 100% used [0x00000000eab00000,0x00000000ec000000,0x00000000ec000000)
  from space 5120K, 92% used [0x00000000ec580000,0x00000000eca1d748,0x00000000eca80000)
  to   space 5120K, 0% used [0x00000000ec080000,0x00000000ec080000,0x00000000ec580000)
 ParOldGen       total 68608K, used 23791K [0x00000000c0000000, 0x00000000c4300000, 0x00000000eab00000)
  object space 68608K, 34% used [0x00000000c0000000,0x00000000c173bf78,0x00000000c4300000)
 Metaspace       used 48820K, committed 49600K, reserved 1097728K
  class space    used 5477K, committed 5824K, reserved 1048576K
}
Event: 4.246 GC heap after
{Heap after GC invocations=19 (full 2):
 PSYoungGen      total 22528K, used 544K [0x00000000eab00000, 0x00000000ec600000, 0x0000000100000000)
  eden space 21504K, 0% used [0x00000000eab00000,0x00000000eab00000,0x00000000ec000000)
  from space 1024K, 53% used [0x00000000ec080000,0x00000000ec108000,0x00000000ec180000)
  to   space 2560K, 0% used [0x00000000ec380000,0x00000000ec380000,0x00000000ec600000)
 ParOldGen       total 68608K, used 28337K [0x00000000c0000000, 0x00000000c4300000, 0x00000000eab00000)
  object space 68608K, 41% used [0x00000000c0000000,0x00000000c1bac598,0x00000000c4300000)
 Metaspace       used 48820K, committed 49600K, reserved 1097728K
  class space    used 5477K, committed 5824K, reserved 1048576K
}
Event: 4.404 GC heap before
{Heap before GC invocations=20 (full 2):
 PSYoungGen      total 22528K, used 22048K [0x00000000eab00000, 0x00000000ec600000, 0x0000000100000000)
  eden space 21504K, 100% used [0x00000000eab00000,0x00000000ec000000,0x00000000ec000000)
  from space 1024K, 53% used [0x00000000ec080000,0x00000000ec108000,0x00000000ec180000)
  to   space 2560K, 0% used [0x00000000ec380000,0x00000000ec380000,0x00000000ec600000)
 ParOldGen       total 68608K, used 28337K [0x00000000c0000000, 0x00000000c4300000, 0x00000000eab00000)
  object space 68608K, 41% used [0x00000000c0000000,0x00000000c1bac598,0x00000000c4300000)
 Metaspace       used 49564K, committed 50432K, reserved 1097728K
  class space    used 5640K, committed 6016K, reserved 1048576K
}
Event: 4.406 GC heap after
{Heap after GC invocations=20 (full 2):
 PSYoungGen      total 24064K, used 2552K [0x00000000eab00000, 0x00000000ec600000, 0x0000000100000000)
  eden space 21504K, 0% used [0x00000000eab00000,0x00000000eab00000,0x00000000ec000000)
  from space 2560K, 99% used [0x00000000ec380000,0x00000000ec5fe388,0x00000000ec600000)
  to   space 1024K, 0% used [0x00000000ec080000,0x00000000ec080000,0x00000000ec180000)
 ParOldGen       total 68608K, used 30588K [0x00000000c0000000, 0x00000000c4300000, 0x00000000eab00000)
  object space 68608K, 44% used [0x00000000c0000000,0x00000000c1ddf1d0,0x00000000c4300000)
 Metaspace       used 49564K, committed 50432K, reserved 1097728K
  class space    used 5640K, committed 6016K, reserved 1048576K
}

