# JRE version: OpenJDK Runtime Environment (11.0.12+7) (build 11.0.12+7-b1504.28-7817840)
# Java VM: OpenJDK 64-Bit Server VM (11.0.12+7-b1504.28-7817840, mixed mode, tiered, compressed oops, g1 gc, windows-amd64)
Heap:
 garbage-first heap   total 262144K, used 193502K [0x00000000a0000000, 0x0000000100000000)
  region size 1024K, 90 young (92160K), 9 survivors (9216K)
 Metaspace       used 93694K, capacity 97146K, committed 97432K, reserved 1132544K
  class space    used 12243K, capacity 13335K, committed 13464K, reserved 1048576K
GC Heap History (20 events):
Event: 3.194 GC heap before
{Heap before GC invocations=4 (full 0):
 garbage-first heap   total 262144K, used 123644K [0x00000000a0000000, 0x0000000100000000)
  region size 1024K, 104 young (106496K), 1 survivors (1024K)
 Metaspace       used 35006K, capacity 35769K, committed 35840K, reserved 1081344K
  class space    used 4536K, capacity 4838K, committed 4864K, reserved 1048576K
}
Event: 3.198 GC heap after
{Heap after GC invocations=5 (full 0):
 garbage-first heap   total 262144K, used 22721K [0x00000000a0000000, 0x0000000100000000)
  region size 1024K, 6 young (6144K), 6 survivors (6144K)
 Metaspace       used 35006K, capacity 35769K, committed 35840K, reserved 1081344K
  class space    used 4536K, capacity 4838K, committed 4864K, reserved 1048576K
}
Event: 3.199 GC heap before
{Heap before GC invocations=5 (full 0):
 garbage-first heap   total 262144K, used 22721K [0x00000000a0000000, 0x0000000100000000)
  region size 1024K, 7 young (7168K), 6 survivors (6144K)
 Metaspace       used 35014K, capacity 35769K, committed 35840K, reserved 1081344K
  class space    used 4537K, capacity 4838K, committed 4864K, reserved 1048576K
}
Event: 3.204 GC heap after
{Heap after GC invocations=6 (full 0):
 garbage-first heap   total 262144K, used 22969K [0x00000000a0000000, 0x0000000100000000)
  region size 1024K, 6 young (6144K), 6 survivors (6144K)
 Metaspace       used 35014K, capacity 35769K, committed 35840K, reserved 1081344K
  class space    used 4537K, capacity 4838K, committed 4864K, reserved 1048576K
}
Event: 4.234 GC heap before
{Heap before GC invocations=7 (full 0):
 garbage-first heap   total 262144K, used 148921K [0x00000000a0000000, 0x0000000100000000)
  region size 1024K, 126 young (129024K), 6 survivors (6144K)
 Metaspace       used 44703K, capacity 45664K, committed 45772K, reserved 1089536K
  class space    used 5708K, capacity 6077K, committed 6092K, reserved 1048576K
}
Event: 4.242 GC heap after
{Heap after GC invocations=8 (full 0):
 garbage-first heap   total 262144K, used 30931K [0x00000000a0000000, 0x0000000100000000)
  region size 1024K, 14 young (14336K), 14 survivors (14336K)
 Metaspace       used 44703K, capacity 45664K, committed 45772K, reserved 1089536K
  class space    used 5708K, capacity 6077K, committed 6092K, reserved 1048576K
}
Event: 5.564 GC heap before
{Heap before GC invocations=8 (full 0):
 garbage-first heap   total 262144K, used 169171K [0x00000000a0000000, 0x0000000100000000)
  region size 1024K, 141 young (144384K), 14 survivors (14336K)
 Metaspace       used 52239K, capacity 53682K, committed 53836K, reserved 1095680K
  class space    used 6638K, capacity 7149K, committed 7244K, reserved 1048576K
}
Event: 5.575 GC heap after
{Heap after GC invocations=9 (full 0):
 garbage-first heap   total 262144K, used 50253K [0x00000000a0000000, 0x0000000100000000)
  region size 1024K, 18 young (18432K), 18 survivors (18432K)
 Metaspace       used 52239K, capacity 53682K, committed 53836K, reserved 1095680K
  class space    used 6638K, capacity 7149K, committed 7244K, reserved 1048576K
}
Event: 6.061 GC heap before
{Heap before GC invocations=9 (full 0):
 garbage-first heap   total 262144K, used 98381K [0x00000000a0000000, 0x0000000100000000)
  region size 1024K, 66 young (67584K), 18 survivors (18432K)
 Metaspace       used 58656K, capacity 60151K, committed 60236K, reserved 1101824K
  class space    used 7410K, capacity 7957K, committed 8012K, reserved 1048576K
}
Event: 6.081 GC heap after
{Heap after GC invocations=10 (full 0):
 garbage-first heap   total 262144K, used 53597K [0x00000000a0000000, 0x0000000100000000)
  region size 1024K, 4 young (4096K), 4 survivors (4096K)
 Metaspace       used 58656K, capacity 60151K, committed 60236K, reserved 1101824K
  class space    used 7410K, capacity 7957K, committed 8012K, reserved 1048576K
}
Event: 7.012 GC heap before
{Heap before GC invocations=11 (full 0):
 garbage-first heap   total 262144K, used 163165K [0x00000000a0000000, 0x0000000100000000)
  region size 1024K, 111 young (113664K), 4 survivors (4096K)
 Metaspace       used 67875K, capacity 69504K, committed 69656K, reserved 1110016K
  class space    used 8587K, capacity 9208K, committed 9240K, reserved 1048576K
}
Event: 7.018 GC heap after
{Heap after GC invocations=12 (full 0):
 garbage-first heap   total 262144K, used 58598K [0x00000000a0000000, 0x0000000100000000)
  region size 1024K, 9 young (9216K), 9 survivors (9216K)
 Metaspace       used 67875K, capacity 69504K, committed 69656K, reserved 1110016K
  class space    used 8587K, capacity 9208K, committed 9240K, reserved 1048576K
}
Event: 7.646 GC heap before
{Heap before GC invocations=13 (full 0):
 garbage-first heap   total 262144K, used 174310K [0x00000000a0000000, 0x0000000100000000)
  region size 1024K, 120 young (122880K), 9 survivors (9216K)
 Metaspace       used 69442K, capacity 71430K, committed 71576K, reserved 1112064K
  class space    used 8796K, capacity 9500K, committed 9624K, reserved 1048576K
}
Event: 7.654 GC heap after
{Heap after GC invocations=14 (full 0):
 garbage-first heap   total 262144K, used 71429K [0x00000000a0000000, 0x0000000100000000)
  region size 1024K, 15 young (15360K), 15 survivors (15360K)
 Metaspace       used 69442K, capacity 71430K, committed 71576K, reserved 1112064K
  class space    used 8796K, capacity 9500K, committed 9624K, reserved 1048576K
}
Event: 8.520 GC heap before
{Heap before GC invocations=14 (full 0):
 garbage-first heap   total 262144K, used 183045K [0x00000000a0000000, 0x0000000100000000)
  region size 1024K, 124 young (126976K), 15 survivors (15360K)
 Metaspace       used 77021K, capacity 79080K, committed 79128K, reserved 1118208K
  class space    used 10005K, capacity 10740K, committed 10776K, reserved 1048576K
}
Event: 8.532 GC heap after
{Heap after GC invocations=15 (full 0):
 garbage-first heap   total 262144K, used 80342K [0x00000000a0000000, 0x0000000100000000)
  region size 1024K, 9 young (9216K), 9 survivors (9216K)
 Metaspace       used 77021K, capacity 79080K, committed 79128K, reserved 1118208K
  class space    used 10005K, capacity 10740K, committed 10776K, reserved 1048576K
}
Event: 9.512 GC heap before
{Heap before GC invocations=15 (full 0):
 garbage-first heap   total 262144K, used 194006K [0x00000000a0000000, 0x0000000100000000)
  region size 1024K, 116 young (118784K), 9 survivors (9216K)
 Metaspace       used 80783K, capacity 83769K, committed 84120K, reserved 1122304K
  class space    used 10526K, capacity 11523K, committed 11672K, reserved 1048576K
}
Event: 9.525 GC heap after
{Heap after GC invocations=16 (full 0):
 garbage-first heap   total 262144K, used 102400K [0x00000000a0000000, 0x0000000100000000)
  region size 1024K, 15 young (15360K), 15 survivors (15360K)
 Metaspace       used 80783K, capacity 83769K, committed 84120K, reserved 1122304K
  class space    used 10526K, capacity 11523K, committed 11672K, reserved 1048576K
}
Event: 10.668 GC heap before
{Heap before GC invocations=16 (full 0):
 garbage-first heap   total 262144K, used 194560K [0x00000000a0000000, 0x0000000100000000)
  region size 1024K, 106 young (108544K), 15 survivors (15360K)
 Metaspace       used 88698K, capacity 91845K, committed 92056K, reserved 1128448K
  class space    used 11605K, capacity 12646K, committed 12696K, reserved 1048576K
}
Event: 10.681 GC heap after
{Heap after GC invocations=17 (full 0):
 garbage-first heap   total 262144K, used 112606K [0x00000000a0000000, 0x0000000100000000)
  region size 1024K, 9 young (9216K), 9 survivors (9216K)
 Metaspace       used 88698K, capacity 91845K, committed 92056K, reserved 1128448K
  class space    used 11605K, capacity 12646K, committed 12696K, reserved 1048576K
}

