# JRE version: OpenJDK Runtime Environment (11.0.12+7) (build 11.0.12+7-b1504.28-7817840)
# Java VM: OpenJDK 64-Bit Server VM (11.0.12+7-b1504.28-7817840, mixed mode, tiered, compressed oops, g1 gc, windows-amd64)
Heap:
 garbage-first heap   total 262144K, used 169547K [0x00000000a0000000, 0x0000000100000000)
  region size 1024K, 61 young (62464K), 14 survivors (14336K)
 Metaspace       used 93897K, capacity 97395K, committed 97492K, reserved 1134592K
  class space    used 12274K, capacity 13414K, committed 13440K, reserved 1048576K
GC Heap History (20 events):
Event: 3.567 GC heap before
{Heap before GC invocations=4 (full 0):
 garbage-first heap   total 262144K, used 89408K [0x00000000a0000000, 0x0000000100000000)
  region size 1024K, 72 young (73728K), 2 survivors (2048K)
 Metaspace       used 27600K, capacity 28264K, committed 28544K, reserved 1073152K
  class space    used 3616K, capacity 3844K, committed 3968K, reserved 1048576K
}
Event: 3.570 GC heap after
{Heap after GC invocations=5 (full 0):
 garbage-first heap   total 262144K, used 19856K [0x00000000a0000000, 0x0000000100000000)
  region size 1024K, 4 young (4096K), 4 survivors (4096K)
 Metaspace       used 27600K, capacity 28264K, committed 28544K, reserved 1073152K
  class space    used 3616K, capacity 3844K, committed 3968K, reserved 1048576K
}
Event: 4.034 GC heap before
{Heap before GC invocations=5 (full 0):
 garbage-first heap   total 262144K, used 64912K [0x00000000a0000000, 0x0000000100000000)
  region size 1024K, 49 young (50176K), 4 survivors (4096K)
 Metaspace       used 35053K, capacity 35833K, committed 36048K, reserved 1081344K
  class space    used 4539K, capacity 4838K, committed 4864K, reserved 1048576K
}
Event: 4.041 GC heap after
{Heap after GC invocations=6 (full 0):
 garbage-first heap   total 262144K, used 22798K [0x00000000a0000000, 0x0000000100000000)
  region size 1024K, 7 young (7168K), 7 survivors (7168K)
 Metaspace       used 35053K, capacity 35833K, committed 36048K, reserved 1081344K
  class space    used 4539K, capacity 4838K, committed 4864K, reserved 1048576K
}
Event: 4.924 GC heap before
{Heap before GC invocations=7 (full 0):
 garbage-first heap   total 262144K, used 140558K [0x00000000a0000000, 0x0000000100000000)
  region size 1024K, 119 young (121856K), 7 survivors (7168K)
 Metaspace       used 44021K, capacity 44955K, committed 45136K, reserved 1089536K
  class space    used 5598K, capacity 5967K, committed 6016K, reserved 1048576K
}
Event: 4.932 GC heap after
{Heap after GC invocations=8 (full 0):
 garbage-first heap   total 262144K, used 30373K [0x00000000a0000000, 0x0000000100000000)
  region size 1024K, 14 young (14336K), 14 survivors (14336K)
 Metaspace       used 44021K, capacity 44955K, committed 45136K, reserved 1089536K
  class space    used 5598K, capacity 5967K, committed 6016K, reserved 1048576K
}
Event: 13.696 GC heap before
{Heap before GC invocations=8 (full 0):
 garbage-first heap   total 262144K, used 180901K [0x00000000a0000000, 0x0000000100000000)
  region size 1024K, 153 young (156672K), 14 survivors (14336K)
 Metaspace       used 52648K, capacity 54038K, committed 54352K, reserved 1095680K
  class space    used 6687K, capacity 7205K, committed 7296K, reserved 1048576K
}
Event: 13.708 GC heap after
{Heap after GC invocations=9 (full 0):
 garbage-first heap   total 262144K, used 50872K [0x00000000a0000000, 0x0000000100000000)
  region size 1024K, 19 young (19456K), 19 survivors (19456K)
 Metaspace       used 52648K, capacity 54038K, committed 54352K, reserved 1095680K
  class space    used 6687K, capacity 7205K, committed 7296K, reserved 1048576K
}
Event: 14.225 GC heap before
{Heap before GC invocations=9 (full 0):
 garbage-first heap   total 262144K, used 95928K [0x00000000a0000000, 0x0000000100000000)
  region size 1024K, 64 young (65536K), 19 survivors (19456K)
 Metaspace       used 58640K, capacity 60123K, committed 60240K, reserved 1101824K
  class space    used 7408K, capacity 7949K, committed 8064K, reserved 1048576K
}
Event: 14.241 GC heap after
{Heap after GC invocations=10 (full 0):
 garbage-first heap   total 262144K, used 53309K [0x00000000a0000000, 0x0000000100000000)
  region size 1024K, 4 young (4096K), 4 survivors (4096K)
 Metaspace       used 58640K, capacity 60123K, committed 60240K, reserved 1101824K
  class space    used 7408K, capacity 7949K, committed 8064K, reserved 1048576K
}
Event: 15.529 GC heap before
{Heap before GC invocations=11 (full 0):
 garbage-first heap   total 262144K, used 192573K [0x00000000a0000000, 0x0000000100000000)
  region size 1024K, 141 young (144384K), 4 survivors (4096K)
 Metaspace       used 68451K, capacity 70212K, committed 70356K, reserved 1110016K
  class space    used 8667K, capacity 9288K, committed 9344K, reserved 1048576K
}
Event: 15.535 GC heap after
{Heap after GC invocations=12 (full 0):
 garbage-first heap   total 262144K, used 60346K [0x00000000a0000000, 0x0000000100000000)
  region size 1024K, 11 young (11264K), 11 survivors (11264K)
 Metaspace       used 68451K, capacity 70212K, committed 70356K, reserved 1110016K
  class space    used 8667K, capacity 9288K, committed 9344K, reserved 1048576K
}
Event: 19.535 GC heap before
{Heap before GC invocations=13 (full 0):
 garbage-first heap   total 262144K, used 199610K [0x00000000a0000000, 0x0000000100000000)
  region size 1024K, 145 young (148480K), 11 survivors (11264K)
 Metaspace       used 74150K, capacity 76171K, committed 76500K, reserved 1116160K
  class space    used 9573K, capacity 10287K, committed 10368K, reserved 1048576K
}
Event: 19.544 GC heap after
{Heap after GC invocations=14 (full 0):
 garbage-first heap   total 262144K, used 74374K [0x00000000a0000000, 0x0000000100000000)
  region size 1024K, 19 young (19456K), 19 survivors (19456K)
 Metaspace       used 74150K, capacity 76171K, committed 76500K, reserved 1116160K
  class space    used 9573K, capacity 10287K, committed 10368K, reserved 1048576K
}
Event: 22.660 GC heap before
{Heap before GC invocations=14 (full 0):
 garbage-first heap   total 262144K, used 201350K [0x00000000a0000000, 0x0000000100000000)
  region size 1024K, 142 young (145408K), 19 survivors (19456K)
 Metaspace       used 80005K, capacity 82367K, committed 82644K, reserved 1120256K
  class space    used 10449K, capacity 11325K, committed 11392K, reserved 1048576K
}
Event: 22.675 GC heap after
{Heap after GC invocations=15 (full 0):
 garbage-first heap   total 262144K, used 90247K [0x00000000a0000000, 0x0000000100000000)
  region size 1024K, 14 young (14336K), 14 survivors (14336K)
 Metaspace       used 80005K, capacity 82367K, committed 82644K, reserved 1120256K
  class space    used 10449K, capacity 11325K, committed 11392K, reserved 1048576K
}
Event: 29.358 GC heap before
{Heap before GC invocations=15 (full 0):
 garbage-first heap   total 262144K, used 205959K [0x00000000a0000000, 0x0000000100000000)
  region size 1024K, 125 young (128000K), 14 survivors (14336K)
 Metaspace       used 85600K, capacity 88691K, committed 88916K, reserved 1126400K
  class space    used 11228K, capacity 12245K, committed 12288K, reserved 1048576K
}
Event: 29.372 GC heap after
{Heap after GC invocations=16 (full 0):
 garbage-first heap   total 262144K, used 109173K [0x00000000a0000000, 0x0000000100000000)
  region size 1024K, 16 young (16384K), 16 survivors (16384K)
 Metaspace       used 85600K, capacity 88691K, committed 88916K, reserved 1126400K
  class space    used 11228K, capacity 12245K, committed 12288K, reserved 1048576K
}
Event: 30.166 GC heap before
{Heap before GC invocations=16 (full 0):
 garbage-first heap   total 262144K, used 204405K [0x00000000a0000000, 0x0000000100000000)
  region size 1024K, 109 young (111616K), 16 survivors (16384K)
 Metaspace       used 91584K, capacity 94922K, committed 95060K, reserved 1132544K
  class space    used 11917K, capacity 12947K, committed 13056K, reserved 1048576K
}
Event: 30.182 GC heap after
{Heap after GC invocations=17 (full 0):
 garbage-first heap   total 262144K, used 123467K [0x00000000a0000000, 0x0000000100000000)
  region size 1024K, 14 young (14336K), 14 survivors (14336K)
 Metaspace       used 91584K, capacity 94922K, committed 95060K, reserved 1132544K
  class space    used 11917K, capacity 12947K, committed 13056K, reserved 1048576K
}

