# JRE version: OpenJDK Runtime Environment (11.0.12+7) (build 11.0.12+7-b1504.28-7817840)
# Java VM: OpenJDK 64-Bit Server VM (11.0.12+7-b1504.28-7817840, mixed mode, tiered, compressed oops, g1 gc, windows-amd64)
Heap:
 garbage-first heap   total 262144K, used 199175K [0x00000000a0000000, 0x0000000100000000)
  region size 1024K, 19 young (19456K), 4 survivors (4096K)
 Metaspace       used 96423K, capacity 101230K, committed 101536K, reserved 1136640K
  class space    used 12565K, capacity 13974K, committed 14080K, reserved 1048576K
GC Heap History (20 events):
Event: 8.331 GC heap before
{Heap before GC invocations=12 (full 0):
 garbage-first heap   total 262144K, used 179583K [0x00000000a0000000, 0x0000000100000000)
  region size 1024K, 124 young (126976K), 9 survivors (9216K)
 Metaspace       used 70120K, capacity 72097K, committed 72224K, reserved 1112064K
  class space    used 8852K, capacity 9546K, committed 9600K, reserved 1048576K
}
Event: 8.340 GC heap after
{Heap after GC invocations=13 (full 0):
 garbage-first heap   total 262144K, used 71680K [0x00000000a0000000, 0x0000000100000000)
  region size 1024K, 16 young (16384K), 16 survivors (16384K)
 Metaspace       used 70120K, capacity 72097K, committed 72224K, reserved 1112064K
  class space    used 8852K, capacity 9546K, committed 9600K, reserved 1048576K
}
Event: 9.585 GC heap before
{Heap before GC invocations=13 (full 0):
 garbage-first heap   total 262144K, used 186368K [0x00000000a0000000, 0x0000000100000000)
  region size 1024K, 128 young (131072K), 16 survivors (16384K)
 Metaspace       used 77729K, capacity 79868K, committed 79904K, reserved 1118208K
  class space    used 10069K, capacity 10859K, committed 10880K, reserved 1048576K
}
Event: 9.598 GC heap after
{Heap after GC invocations=14 (full 0):
 garbage-first heap   total 262144K, used 81397K [0x00000000a0000000, 0x0000000100000000)
  region size 1024K, 10 young (10240K), 10 survivors (10240K)
 Metaspace       used 77729K, capacity 79868K, committed 79904K, reserved 1118208K
  class space    used 10069K, capacity 10859K, committed 10880K, reserved 1048576K
}
Event: 11.088 GC heap before
{Heap before GC invocations=14 (full 0):
 garbage-first heap   total 262144K, used 196085K [0x00000000a0000000, 0x0000000100000000)
  region size 1024K, 119 young (121856K), 10 survivors (10240K)
 Metaspace       used 81298K, capacity 84599K, committed 84768K, reserved 1122304K
  class space    used 10565K, capacity 11571K, committed 11648K, reserved 1048576K
}
Event: 11.105 GC heap after
{Heap after GC invocations=15 (full 0):
 garbage-first heap   total 262144K, used 104226K [0x00000000a0000000, 0x0000000100000000)
  region size 1024K, 15 young (15360K), 15 survivors (15360K)
 Metaspace       used 81298K, capacity 84599K, committed 84768K, reserved 1122304K
  class space    used 10565K, capacity 11571K, committed 11648K, reserved 1048576K
}
Event: 12.121 GC heap before
{Heap before GC invocations=15 (full 0):
 garbage-first heap   total 262144K, used 200482K [0x00000000a0000000, 0x0000000100000000)
  region size 1024K, 106 young (108544K), 15 survivors (15360K)
 Metaspace       used 82601K, capacity 86487K, committed 86560K, reserved 1124352K
  class space    used 10764K, capacity 11882K, committed 11904K, reserved 1048576K
}
Event: 12.136 GC heap after
{Heap after GC invocations=16 (full 0):
 garbage-first heap   total 262144K, used 123904K [0x00000000a0000000, 0x0000000100000000)
  region size 1024K, 14 young (14336K), 14 survivors (14336K)
 Metaspace       used 82601K, capacity 86487K, committed 86560K, reserved 1124352K
  class space    used 10764K, capacity 11882K, committed 11904K, reserved 1048576K
}
Event: 12.876 GC heap before
{Heap before GC invocations=16 (full 0):
 garbage-first heap   total 262144K, used 205824K [0x00000000a0000000, 0x0000000100000000)
  region size 1024K, 90 young (92160K), 14 survivors (14336K)
 Metaspace       used 84282K, capacity 88580K, committed 88736K, reserved 1126400K
  class space    used 10999K, capacity 12261K, committed 12288K, reserved 1048576K
}
Event: 12.890 GC heap after
{Heap after GC invocations=17 (full 0):
 garbage-first heap   total 262144K, used 144311K [0x00000000a0000000, 0x0000000100000000)
  region size 1024K, 12 young (12288K), 12 survivors (12288K)
 Metaspace       used 84282K, capacity 88580K, committed 88736K, reserved 1126400K
  class space    used 10999K, capacity 12261K, committed 12288K, reserved 1048576K
}
Event: 13.607 GC heap before
{Heap before GC invocations=17 (full 0):
 garbage-first heap   total 262144K, used 206775K [0x00000000a0000000, 0x0000000100000000)
  region size 1024K, 73 young (74752K), 12 survivors (12288K)
 Metaspace       used 90458K, capacity 94900K, committed 95008K, reserved 1130496K
  class space    used 11829K, capacity 13084K, committed 13184K, reserved 1048576K
}
Event: 13.622 GC heap after
{Heap after GC invocations=18 (full 0):
 garbage-first heap   total 262144K, used 151061K [0x00000000a0000000, 0x0000000100000000)
  region size 1024K, 6 young (6144K), 6 survivors (6144K)
 Metaspace       used 90458K, capacity 94900K, committed 95008K, reserved 1130496K
  class space    used 11829K, capacity 13084K, committed 13184K, reserved 1048576K
}
Event: 14.361 GC heap before
{Heap before GC invocations=19 (full 0):
 garbage-first heap   total 262144K, used 210453K [0x00000000a0000000, 0x0000000100000000)
  region size 1024K, 65 young (66560K), 6 survivors (6144K)
 Metaspace       used 91574K, capacity 96111K, committed 96416K, reserved 1132544K
  class space    used 11942K, capacity 13244K, committed 13312K, reserved 1048576K
}
Event: 14.377 GC heap after
{Heap after GC invocations=20 (full 0):
 garbage-first heap   total 262144K, used 166912K [0x00000000a0000000, 0x0000000100000000)
  region size 1024K, 9 young (9216K), 9 survivors (9216K)
 Metaspace       used 91574K, capacity 96111K, committed 96416K, reserved 1132544K
  class space    used 11942K, capacity 13244K, committed 13312K, reserved 1048576K
}
Event: 14.865 GC heap before
{Heap before GC invocations=20 (full 0):
 garbage-first heap   total 262144K, used 210944K [0x00000000a0000000, 0x0000000100000000)
  region size 1024K, 52 young (53248K), 9 survivors (9216K)
 Metaspace       used 92481K, capacity 97103K, committed 97312K, reserved 1132544K
  class space    used 12064K, capacity 13391K, committed 13440K, reserved 1048576K
}
Event: 14.879 GC heap after
{Heap after GC invocations=21 (full 0):
 garbage-first heap   total 262144K, used 175388K [0x00000000a0000000, 0x0000000100000000)
  region size 1024K, 7 young (7168K), 7 survivors (7168K)
 Metaspace       used 92481K, capacity 97103K, committed 97312K, reserved 1132544K
  class space    used 12064K, capacity 13391K, committed 13440K, reserved 1048576K
}
Event: 15.381 GC heap before
{Heap before GC invocations=22 (full 0):
 garbage-first heap   total 262144K, used 212252K [0x00000000a0000000, 0x0000000100000000)
  region size 1024K, 45 young (46080K), 7 survivors (7168K)
 Metaspace       used 95509K, capacity 100280K, committed 100512K, reserved 1136640K
  class space    used 12396K, capacity 13782K, committed 13824K, reserved 1048576K
}
Event: 15.397 GC heap after
{Heap after GC invocations=23 (full 0):
 garbage-first heap   total 262144K, used 181979K [0x00000000a0000000, 0x0000000100000000)
  region size 1024K, 6 young (6144K), 6 survivors (6144K)
 Metaspace       used 95509K, capacity 100280K, committed 100512K, reserved 1136640K
  class space    used 12396K, capacity 13782K, committed 13824K, reserved 1048576K
}
Event: 16.009 GC heap before
{Heap before GC invocations=24 (full 0):
 garbage-first heap   total 262144K, used 217819K [0x00000000a0000000, 0x0000000100000000)
  region size 1024K, 41 young (41984K), 6 survivors (6144K)
 Metaspace       used 95753K, capacity 100507K, committed 100640K, reserved 1136640K
  class space    used 12439K, capacity 13835K, committed 13952K, reserved 1048576K
}
Event: 16.017 GC heap after
{Heap after GC invocations=25 (full 0):
 garbage-first heap   total 262144K, used 184839K [0x00000000a0000000, 0x0000000100000000)
  region size 1024K, 4 young (4096K), 4 survivors (4096K)
 Metaspace       used 95753K, capacity 100507K, committed 100640K, reserved 1136640K
  class space    used 12439K, capacity 13835K, committed 13952K, reserved 1048576K
}

