# JRE version: OpenJDK Runtime Environment (11.0.12+7) (build 11.0.12+7-b1504.28-7817840)
# Java VM: OpenJDK 64-Bit Server VM (11.0.12+7-b1504.28-7817840, mixed mode, tiered, compressed oops, g1 gc, windows-amd64)
Heap:
 garbage-first heap   total 262144K, used 140480K [0x00000000a0000000, 0x0000000100000000)
  region size 1024K, 87 young (89088K), 9 survivors (9216K)
 Metaspace       used 69123K, capacity 71011K, committed 71292K, reserved 1112064K
  class space    used 8759K, capacity 9442K, committed 9472K, reserved 1048576K
GC Heap History (16 events):
Event: 0.600 GC heap before
{Heap before GC invocations=0 (full 0):
 garbage-first heap   total 262144K, used 29696K [0x00000000a0000000, 0x0000000100000000)
  region size 1024K, 24 young (24576K), 0 survivors (0K)
 Metaspace       used 10099K, capacity 10327K, committed 10624K, reserved 1058816K
  class space    used 1050K, capacity 1106K, committed 1152K, reserved 1048576K
}
Event: 0.604 GC heap after
{Heap after GC invocations=1 (full 0):
 garbage-first heap   total 262144K, used 9384K [0x00000000a0000000, 0x0000000100000000)
  region size 1024K, 3 young (3072K), 3 survivors (3072K)
 Metaspace       used 10099K, capacity 10327K, committed 10624K, reserved 1058816K
  class space    used 1050K, capacity 1106K, committed 1152K, reserved 1048576K
}
Event: 2.210 GC heap before
{Heap before GC invocations=1 (full 0):
 garbage-first heap   total 262144K, used 109736K [0x00000000a0000000, 0x0000000100000000)
  region size 1024K, 102 young (104448K), 3 survivors (3072K)
 Metaspace       used 20603K, capacity 21096K, committed 21296K, reserved 1069056K
  class space    used 2515K, capacity 2660K, committed 2688K, reserved 1048576K
}
Event: 2.217 GC heap after
{Heap after GC invocations=2 (full 0):
 garbage-first heap   total 262144K, used 17005K [0x00000000a0000000, 0x0000000100000000)
  region size 1024K, 11 young (11264K), 11 survivors (11264K)
 Metaspace       used 20603K, capacity 21096K, committed 21296K, reserved 1069056K
  class space    used 2515K, capacity 2660K, committed 2688K, reserved 1048576K
}
Event: 2.822 GC heap before
{Heap before GC invocations=3 (full 0):
 garbage-first heap   total 262144K, used 81517K [0x00000000a0000000, 0x0000000100000000)
  region size 1024K, 75 young (76800K), 11 survivors (11264K)
 Metaspace       used 27063K, capacity 27790K, committed 28080K, reserved 1073152K
  class space    used 3538K, capacity 3770K, committed 3840K, reserved 1048576K
}
Event: 2.827 GC heap after
{Heap after GC invocations=4 (full 0):
 garbage-first heap   total 262144K, used 19474K [0x00000000a0000000, 0x0000000100000000)
  region size 1024K, 3 young (3072K), 3 survivors (3072K)
 Metaspace       used 27063K, capacity 27790K, committed 28080K, reserved 1073152K
  class space    used 3538K, capacity 3770K, committed 3840K, reserved 1048576K
}
Event: 3.420 GC heap before
{Heap before GC invocations=4 (full 0):
 garbage-first heap   total 262144K, used 68626K [0x00000000a0000000, 0x0000000100000000)
  region size 1024K, 52 young (53248K), 3 survivors (3072K)
 Metaspace       used 34889K, capacity 35589K, committed 35708K, reserved 1081344K
  class space    used 4517K, capacity 4820K, committed 4864K, reserved 1048576K
}
Event: 3.426 GC heap after
{Heap after GC invocations=5 (full 0):
 garbage-first heap   total 262144K, used 22469K [0x00000000a0000000, 0x0000000100000000)
  region size 1024K, 6 young (6144K), 6 survivors (6144K)
 Metaspace       used 34889K, capacity 35589K, committed 35708K, reserved 1081344K
  class space    used 4517K, capacity 4820K, committed 4864K, reserved 1048576K
}
Event: 4.552 GC heap before
{Heap before GC invocations=6 (full 0):
 garbage-first heap   total 262144K, used 140229K [0x00000000a0000000, 0x0000000100000000)
  region size 1024K, 118 young (120832K), 6 survivors (6144K)
 Metaspace       used 44028K, capacity 45019K, committed 45308K, reserved 1089536K
  class space    used 5595K, capacity 5967K, committed 6016K, reserved 1048576K
}
Event: 4.561 GC heap after
{Heap after GC invocations=7 (full 0):
 garbage-first heap   total 262144K, used 30027K [0x00000000a0000000, 0x0000000100000000)
  region size 1024K, 13 young (13312K), 13 survivors (13312K)
 Metaspace       used 44028K, capacity 45019K, committed 45308K, reserved 1089536K
  class space    used 5595K, capacity 5967K, committed 6016K, reserved 1048576K
}
Event: 5.847 GC heap before
{Heap before GC invocations=7 (full 0):
 garbage-first heap   total 262144K, used 171339K [0x00000000a0000000, 0x0000000100000000)
  region size 1024K, 143 young (146432K), 13 survivors (13312K)
 Metaspace       used 51547K, capacity 52897K, committed 53116K, reserved 1095680K
  class space    used 6561K, capacity 7053K, committed 7168K, reserved 1048576K
}
Event: 5.858 GC heap after
{Heap after GC invocations=8 (full 0):
 garbage-first heap   total 262144K, used 49695K [0x00000000a0000000, 0x0000000100000000)
  region size 1024K, 18 young (18432K), 18 survivors (18432K)
 Metaspace       used 51547K, capacity 52897K, committed 53116K, reserved 1095680K
  class space    used 6561K, capacity 7053K, committed 7168K, reserved 1048576K
}
Event: 6.466 GC heap before
{Heap before GC invocations=8 (full 0):
 garbage-first heap   total 262144K, used 101919K [0x00000000a0000000, 0x0000000100000000)
  region size 1024K, 70 young (71680K), 18 survivors (18432K)
 Metaspace       used 58251K, capacity 59767K, committed 59900K, reserved 1101824K
  class space    used 7363K, capacity 7956K, committed 8064K, reserved 1048576K
}
Event: 6.487 GC heap after
{Heap after GC invocations=9 (full 0):
 garbage-first heap   total 262144K, used 53107K [0x00000000a0000000, 0x0000000100000000)
  region size 1024K, 4 young (4096K), 4 survivors (4096K)
 Metaspace       used 58251K, capacity 59767K, committed 59900K, reserved 1101824K
  class space    used 7363K, capacity 7956K, committed 8064K, reserved 1048576K
}
Event: 7.643 GC heap before
{Heap before GC invocations=10 (full 0):
 garbage-first heap   total 262144K, used 172915K [0x00000000a0000000, 0x0000000100000000)
  region size 1024K, 121 young (123904K), 4 survivors (4096K)
 Metaspace       used 68119K, capacity 69779K, committed 69884K, reserved 1110016K
  class space    used 8622K, capacity 9254K, committed 9344K, reserved 1048576K
}
Event: 7.649 GC heap after
{Heap after GC invocations=11 (full 0):
 garbage-first heap   total 262144K, used 58560K [0x00000000a0000000, 0x0000000100000000)
  region size 1024K, 9 young (9216K), 9 survivors (9216K)
 Metaspace       used 68119K, capacity 69779K, committed 69884K, reserved 1110016K
  class space    used 8622K, capacity 9254K, committed 9344K, reserved 1048576K
}

