# JRE version: Java(TM) SE Runtime Environment 18.9 (11.0.15+8) (build 11.0.15+8-LTS-149)
# Java VM: Java HotSpot(TM) 64-Bit Server VM 18.9 (11.0.15+8-LTS-149, mixed mode, tiered, compressed oops, g1 gc, windows-amd64)
Heap:
 garbage-first heap   total 262144K, used 208212K [0x00000000a0000000, 0x0000000100000000)
  region size 1024K, 37 young (37888K), 7 survivors (7168K)
 Metaspace       used 99902K, capacity 104618K, committed 104908K, reserved 1140736K
  class space    used 12838K, capacity 14237K, committed 14284K, reserved 1048576K
GC Heap History (10 events):
Event: 11.394 GC heap before
{Heap before GC invocations=17 (full 0):
 garbage-first heap   total 262144K, used 211234K [0x00000000a0000000, 0x0000000100000000)
  region size 1024K, 67 young (68608K), 7 survivors (7168K)
 Metaspace       used 90976K, capacity 95649K, committed 95692K, reserved 1132544K
  class space    used 11889K, capacity 13258K, committed 13260K, reserved 1048576K
}
Event: 11.402 GC heap after
{Heap after GC invocations=18 (full 0):
 garbage-first heap   total 262144K, used 157277K [0x00000000a0000000, 0x0000000100000000)
  region size 1024K, 8 young (8192K), 8 survivors (8192K)
 Metaspace       used 90976K, capacity 95649K, committed 95692K, reserved 1132544K
  class space    used 11889K, capacity 13258K, committed 13260K, reserved 1048576K
}
Event: 12.047 GC heap before
{Heap before GC invocations=18 (full 0):
 garbage-first heap   total 262144K, used 212573K [0x00000000a0000000, 0x0000000100000000)
  region size 1024K, 62 young (63488K), 8 survivors (8192K)
 Metaspace       used 94244K, capacity 98901K, committed 99276K, reserved 1134592K
  class space    used 12290K, capacity 13650K, committed 13772K, reserved 1048576K
}
Event: 12.060 GC heap after
{Heap after GC invocations=19 (full 0):
 garbage-first heap   total 262144K, used 167450K [0x00000000a0000000, 0x0000000100000000)
  region size 1024K, 8 young (8192K), 8 survivors (8192K)
 Metaspace       used 94244K, capacity 98901K, committed 99276K, reserved 1134592K
  class space    used 12290K, capacity 13650K, committed 13772K, reserved 1048576K
}
Event: 17.534 GC heap before
{Heap before GC invocations=20 (full 0):
 garbage-first heap   total 262144K, used 214554K [0x00000000a0000000, 0x0000000100000000)
  region size 1024K, 54 young (55296K), 8 survivors (8192K)
 Metaspace       used 98982K, capacity 103748K, committed 103884K, reserved 1138688K
  class space    used 12813K, capacity 14191K, committed 14284K, reserved 1048576K
}
Event: 17.541 GC heap after
{Heap after GC invocations=21 (full 0):
 garbage-first heap   total 262144K, used 171813K [0x00000000a0000000, 0x0000000100000000)
  region size 1024K, 4 young (4096K), 4 survivors (4096K)
 Metaspace       used 98982K, capacity 103748K, committed 103884K, reserved 1138688K
  class space    used 12813K, capacity 14191K, committed 14284K, reserved 1048576K
}
Event: 29.262 GC heap before
{Heap before GC invocations=21 (full 0):
 garbage-first heap   total 262144K, used 216869K [0x00000000a0000000, 0x0000000100000000)
  region size 1024K, 48 young (49152K), 4 survivors (4096K)
 Metaspace       used 99567K, capacity 104279K, committed 104396K, reserved 1138688K
  class space    used 12836K, capacity 14235K, committed 14284K, reserved 1048576K
}
Event: 29.267 GC heap after
{Heap after GC invocations=22 (full 0):
 garbage-first heap   total 262144K, used 175308K [0x00000000a0000000, 0x0000000100000000)
  region size 1024K, 6 young (6144K), 6 survivors (6144K)
 Metaspace       used 99567K, capacity 104279K, committed 104396K, reserved 1138688K
  class space    used 12836K, capacity 14235K, committed 14284K, reserved 1048576K
}
Event: 31.585 GC heap before
{Heap before GC invocations=23 (full 0):
 garbage-first heap   total 262144K, used 219340K [0x00000000a0000000, 0x0000000100000000)
  region size 1024K, 49 young (50176K), 6 survivors (6144K)
 Metaspace       used 99788K, capacity 104488K, committed 104652K, reserved 1140736K
  class space    used 12838K, capacity 14237K, committed 14284K, reserved 1048576K
}
Event: 31.590 GC heap after
{Heap after GC invocations=24 (full 0):
 garbage-first heap   total 262144K, used 178516K [0x00000000a0000000, 0x0000000100000000)
  region size 1024K, 7 young (7168K), 7 survivors (7168K)
 Metaspace       used 99788K, capacity 104488K, committed 104652K, reserved 1140736K
  class space    used 12838K, capacity 14237K, committed 14284K, reserved 1048576K
}

